Построение начато 10.07.2017 14:41:16.
     1>Проект "C:\Users\Середа\Documents\Visual Studio 2012\Projects\learn_classes\learn_classes\learn_classes.vcxproj" в узле 2 (целевые объекты Build).
     1>ClCompile:
         C:\Program Files\Microsoft Visual Studio 11.0\VC\bin\CL.exe /c /ZI /nologo /W3 /WX- /sdl /Od /Oy- /D WIN32 /D _DEBUG /D _CONSOLE /D _UNICODE /D UNICODE /Gm /EHsc /RTC1 /MDd /GS /fp:precise /Zc:wchar_t /Zc:forScope /Yu"stdafx.h" /Fp"Debug\learn_classes.pch" /Fo"Debug\\" /Fd"Debug\vc110.pdb" /Gd /TP /analyze- /errorReport:prompt book.cpp learn_classes.cpp library.cpp order.cpp reader.cpp
         library.cpp
         learn_classes.cpp
         Создание кода...
         Пропуск... (изменения не обнаружены)
         reader.cpp
         order.cpp
         book.cpp
       Link:
         C:\Program Files\Microsoft Visual Studio 11.0\VC\bin\link.exe /ERRORREPORT:PROMPT /OUT:"C:\Users\Середа\Documents\Visual Studio 2012\Projects\learn_classes\Debug\learn_classes.exe" /INCREMENTAL /NOLOGO kernel32.lib user32.lib gdi32.lib winspool.lib comdlg32.lib advapi32.lib shell32.lib ole32.lib oleaut32.lib uuid.lib odbc32.lib odbccp32.lib /MANIFEST /MANIFESTUAC:"level='asInvoker' uiAccess='false'" /manifest:embed /DEBUG /PDB:"C:\Users\Середа\Documents\Visual Studio 2012\Projects\learn_classes\Debug\learn_classes.pdb" /SUBSYSTEM:CONSOLE /TLBID:1 /DYNAMICBASE /NXCOMPAT /IMPLIB:"C:\Users\Середа\Documents\Visual Studio 2012\Projects\learn_classes\Debug\learn_classes.lib" /MACHINE:X86 Debug\author.obj
         Debug\book.obj
         Debug\learn_classes.obj
         Debug\library.obj
         Debug\order.obj
         Debug\reader.obj
         Debug\stdafx.obj
         learn_classes.vcxproj -> C:\Users\Середа\Documents\Visual Studio 2012\Projects\learn_classes\Debug\learn_classes.exe
     1>Построение проекта "C:\Users\Середа\Documents\Visual Studio 2012\Projects\learn_classes\learn_classes\learn_classes.vcxproj" завершено (целевые объекты Build).

Построение успешно завершено.

Затраченное время: 00:00:04.13
